android/app/build/intermediates/manifest_merge_blame_file/debug/manifest-merger-blame-debug-report.txt
1<?xml version="1.0" encoding="utf-8"?>
2<manifest xmlns:android="http://schemas.android.com/apk/res/android"
3    package="com.simcoder.uber"
4    android:versionCode="1"
5    android:versionName="2.0" >
6
7    <uses-sdk
8        android:minSdkVersion="21"
8-->src\main\AndroidManifest.xml
9        android:targetSdkVersion="29" />
9-->src\main\AndroidManifest.xml
10
11    <!--
12         The ACCESS_COARSE/FINE_LOCATION permissions are not required to use
13         Google Maps Android API v2, but you must specify either coarse or fine
14         location permissions for the "MyLocation" functionality.
15    -->
16    <uses-permission android:name="android.permission.ACCESS_FINE_LOCATION" />
16-->src\main\AndroidManifest.xml:11:5-79
16-->src\main\AndroidManifest.xml:11:22-76
17    <uses-permission android:name="android.permission.ACCESS_COARSE_LOCATION" />
17-->src\main\AndroidManifest.xml:12:5-81
17-->src\main\AndroidManifest.xml:12:22-78
18    <uses-permission android:name="android.permission.ACCESS_BACKGROUND_LOCATION" />
18-->src\main\AndroidManifest.xml:13:5-85
18-->src\main\AndroidManifest.xml:13:22-82
19    <uses-permission android:name="android.permission.CALL_PHONE" />
19-->src\main\AndroidManifest.xml:14:5-69
19-->src\main\AndroidManifest.xml:14:22-66
20    <uses-permission android:name="android.permission.INTERNET" />
20-->src\main\AndroidManifest.xml:15:5-67
20-->src\main\AndroidManifest.xml:15:22-64
21    <uses-permission android:name="android.permission.READ_EXTERNAL_STORAGE" />
21-->src\main\AndroidManifest.xml:16:5-80
21-->src\main\AndroidManifest.xml:16:22-77
22    <uses-permission android:name="android.permission.VIBRATE" />
22-->src\main\AndroidManifest.xml:17:5-66
22-->src\main\AndroidManifest.xml:17:22-63
23
24    <uses-feature
24-->src\main\AndroidManifest.xml:19:5-21:35
25        android:glEsVersion="0x00020000"
25-->src\main\AndroidManifest.xml:20:9-41
26        android:required="true" />
26-->src\main\AndroidManifest.xml:21:9-32
27    <uses-feature android:name="android.hardware.screen.portrait" />
27-->src\main\AndroidManifest.xml:22:5-69
27-->src\main\AndroidManifest.xml:22:19-66
28
29    <uses-permission android:name="android.permission.ACCESS_WIFI_STATE" /> <!-- Although the *SdkVersion is captured in gradle build files, this is required for non gradle builds -->
29-->[com.github.rtchagas:pingplacepicker:1.1.2] AndroidManifest.xml:17:5-76
29-->[com.github.rtchagas:pingplacepicker:1.1.2] AndroidManifest.xml:17:22-73
30    <!-- <uses-sdk android:minSdkVersion="14"/> -->
31    <uses-permission android:name="android.permission.ACCESS_NETWORK_STATE" />
31-->[com.google.firebase:firebase-database:20.0.0] AndroidManifest.xml:25:5-79
31-->[com.google.firebase:firebase-database:20.0.0] AndroidManifest.xml:25:22-76
32
33    <queries>
33-->[com.google.android.gms:play-services-maps:17.0.1] AndroidManifest.xml:30:5-34:15
34
35        <!-- Needs to be explicitly declared on Android R+ -->
36        <package android:name="com.google.android.apps.maps" />
36-->[com.google.android.gms:play-services-maps:17.0.1] AndroidManifest.xml:33:9-64
36-->[com.google.android.gms:play-services-maps:17.0.1] AndroidManifest.xml:33:18-61
37    </queries> <!-- Create a unique permission for your app and use it so only your app can receive your OneSignal messages. -->
38    <permission
38-->[com.onesignal:OneSignal:3.15.4] AndroidManifest.xml:7:5-9:47
39        android:name="com.simcoder.uber.permission.C2D_MESSAGE"
39-->[com.onesignal:OneSignal:3.15.4] AndroidManifest.xml:8:9-63
40        android:protectionLevel="signature" />
40-->[com.onesignal:OneSignal:3.15.4] AndroidManifest.xml:9:9-44
41
42    <uses-permission android:name="com.simcoder.uber.permission.C2D_MESSAGE" />
42-->[com.onesignal:OneSignal:3.15.4] AndroidManifest.xml:11:5-79
42-->[com.onesignal:OneSignal:3.15.4] AndroidManifest.xml:11:22-76
43    <uses-permission android:name="com.google.android.c2dm.permission.RECEIVE" /> <!-- Required, makes sure notifications are delivered on time. -->
43-->[com.onesignal:OneSignal:3.15.4] AndroidManifest.xml:17:5-82
43-->[com.onesignal:OneSignal:3.15.4] AndroidManifest.xml:17:22-79
44    <uses-permission android:name="android.permission.WAKE_LOCK" />
44-->[com.onesignal:OneSignal:3.15.4] AndroidManifest.xml:18:5-68
44-->[com.onesignal:OneSignal:3.15.4] AndroidManifest.xml:18:22-65
45    <!--
46 Use to restore notifications the user hasn't interacted with.
47         They could be missed notifications if the user reboots their device if this isn't in place.
48    -->
49    <uses-permission android:name="android.permission.RECEIVE_BOOT_COMPLETED" /> <!-- START: ShortcutBadger -->
49-->[com.onesignal:OneSignal:3.15.4] AndroidManifest.xml:29:5-81
49-->[com.onesignal:OneSignal:3.15.4] AndroidManifest.xml:29:22-78
50    <!-- Samsung -->
51    <uses-permission android:name="com.sec.android.provider.badge.permission.READ" />
51-->[com.onesignal:OneSignal:3.15.4] AndroidManifest.xml:31:5-86
51-->[com.onesignal:OneSignal:3.15.4] AndroidManifest.xml:31:22-83
52    <uses-permission android:name="com.sec.android.provider.badge.permission.WRITE" /> <!-- HTC -->
52-->[com.onesignal:OneSignal:3.15.4] AndroidManifest.xml:32:5-87
52-->[com.onesignal:OneSignal:3.15.4] AndroidManifest.xml:32:22-84
53    <uses-permission android:name="com.htc.launcher.permission.READ_SETTINGS" />
53-->[com.onesignal:OneSignal:3.15.4] AndroidManifest.xml:33:5-81
53-->[com.onesignal:OneSignal:3.15.4] AndroidManifest.xml:33:22-78
54    <uses-permission android:name="com.htc.launcher.permission.UPDATE_SHORTCUT" /> <!-- Sony -->
54-->[com.onesignal:OneSignal:3.15.4] AndroidManifest.xml:34:5-83
54-->[com.onesignal:OneSignal:3.15.4] AndroidManifest.xml:34:22-80
55    <uses-permission android:name="com.sonyericsson.home.permission.BROADCAST_BADGE" />
55-->[com.onesignal:OneSignal:3.15.4] AndroidManifest.xml:35:5-88
55-->[com.onesignal:OneSignal:3.15.4] AndroidManifest.xml:35:22-85
56    <uses-permission android:name="com.sonymobile.home.permission.PROVIDER_INSERT_BADGE" /> <!-- Apex -->
56-->[com.onesignal:OneSignal:3.15.4] AndroidManifest.xml:36:5-92
56-->[com.onesignal:OneSignal:3.15.4] AndroidManifest.xml:36:22-89
57    <uses-permission android:name="com.anddoes.launcher.permission.UPDATE_COUNT" /> <!-- Solid -->
57-->[com.onesignal:OneSignal:3.15.4] AndroidManifest.xml:37:5-84
57-->[com.onesignal:OneSignal:3.15.4] AndroidManifest.xml:37:22-81
58    <uses-permission android:name="com.majeur.launcher.permission.UPDATE_BADGE" /> <!-- Huawei -->
58-->[com.onesignal:OneSignal:3.15.4] AndroidManifest.xml:38:5-83
58-->[com.onesignal:OneSignal:3.15.4] AndroidManifest.xml:38:22-80
59    <uses-permission android:name="com.huawei.android.launcher.permission.CHANGE_BADGE" />
59-->[com.onesignal:OneSignal:3.15.4] AndroidManifest.xml:39:5-91
59-->[com.onesignal:OneSignal:3.15.4] AndroidManifest.xml:39:22-88
60    <uses-permission android:name="com.huawei.android.launcher.permission.READ_SETTINGS" />
60-->[com.onesignal:OneSignal:3.15.4] AndroidManifest.xml:40:5-92
60-->[com.onesignal:OneSignal:3.15.4] AndroidManifest.xml:40:22-89
61    <uses-permission android:name="com.huawei.android.launcher.permission.WRITE_SETTINGS" /> <!-- ZUK -->
61-->[com.onesignal:OneSignal:3.15.4] AndroidManifest.xml:41:5-93
61-->[com.onesignal:OneSignal:3.15.4] AndroidManifest.xml:41:22-90
62    <uses-permission android:name="android.permission.READ_APP_BADGE" /> <!-- OPPO -->
62-->[com.onesignal:OneSignal:3.15.4] AndroidManifest.xml:42:5-73
62-->[com.onesignal:OneSignal:3.15.4] AndroidManifest.xml:42:22-70
63    <uses-permission android:name="com.oppo.launcher.permission.READ_SETTINGS" />
63-->[com.onesignal:OneSignal:3.15.4] AndroidManifest.xml:43:5-82
63-->[com.onesignal:OneSignal:3.15.4] AndroidManifest.xml:43:22-79
64    <uses-permission android:name="com.oppo.launcher.permission.WRITE_SETTINGS" /> <!-- EvMe -->
64-->[com.onesignal:OneSignal:3.15.4] AndroidManifest.xml:44:5-83
64-->[com.onesignal:OneSignal:3.15.4] AndroidManifest.xml:44:22-80
65    <uses-permission android:name="me.everything.badger.permission.BADGE_COUNT_READ" />
65-->[com.onesignal:OneSignal:3.15.4] AndroidManifest.xml:45:5-88
65-->[com.onesignal:OneSignal:3.15.4] AndroidManifest.xml:45:22-85
66    <uses-permission android:name="me.everything.badger.permission.BADGE_COUNT_WRITE" />
66-->[com.onesignal:OneSignal:3.15.4] AndroidManifest.xml:46:5-89
66-->[com.onesignal:OneSignal:3.15.4] AndroidManifest.xml:46:22-86
67    <uses-permission android:name="android.permission.CAMERA" />
67-->[io.card:android-sdk:5.5.1] AndroidManifest.xml:9:5-65
67-->[io.card:android-sdk:5.5.1] AndroidManifest.xml:9:22-62
68
69    <uses-feature
69-->[io.card:android-sdk:5.5.1] AndroidManifest.xml:12:5-14:36
70        android:name="android.hardware.camera"
70-->[io.card:android-sdk:5.5.1] AndroidManifest.xml:13:9-47
71        android:required="false" />
71-->[io.card:android-sdk:5.5.1] AndroidManifest.xml:14:9-33
72    <uses-feature
72-->[io.card:android-sdk:5.5.1] AndroidManifest.xml:15:5-17:36
73        android:name="android.hardware.camera.autofocus"
73-->[io.card:android-sdk:5.5.1] AndroidManifest.xml:16:9-57
74        android:required="false" />
74-->[io.card:android-sdk:5.5.1] AndroidManifest.xml:17:9-33
75
76    <uses-permission android:name="com.google.android.finsky.permission.BIND_GET_INSTALL_REFERRER_SERVICE" />
76-->[com.android.installreferrer:installreferrer:1.0] AndroidManifest.xml:9:5-110
76-->[com.android.installreferrer:installreferrer:1.0] AndroidManifest.xml:9:22-107
77
78    <application
78-->src\main\AndroidManifest.xml:24:5-87:19
79        android:appComponentFactory="androidx.core.app.CoreComponentFactory"
79-->[androidx.core:core:1.5.0] AndroidManifest.xml:24:18-86
80        android:debuggable="true"
81        android:icon="@mipmap/ic_launcher"
81-->src\main\AndroidManifest.xml:25:9-43
82        android:label="@string/app_name"
82-->src\main\AndroidManifest.xml:26:9-41
83        android:roundIcon="@mipmap/ic_launcher_round"
83-->src\main\AndroidManifest.xml:27:9-54
84        android:supportsRtl="true"
84-->[com.facebook.android:facebook-login:8.1.0] AndroidManifest.xml:28:18-44
85        android:theme="@style/AppTheme.NoActionBar" >
85-->src\main\AndroidManifest.xml:28:9-52
86
87        <!--
88             The API key for Google Maps-based APIs is defined as a string resource.
89             (See the file "res/values/google_maps_api.xml").
90             Note that the API key is linked to the encryption key used to sign the APK.
91             You need a different API key for each encryption key, including the release key that is used to
92             sign the APK for publishing.
93             You can define the keys for the debug and release targets in src/debug/ and src/release/.
94        -->
95        <meta-data
95-->src\main\AndroidManifest.xml:39:9-41:55
96            android:name="com.google.android.geo.API_KEY"
96-->src\main\AndroidManifest.xml:40:13-58
97            android:value="@string/google_maps_key" />
97-->src\main\AndroidManifest.xml:41:13-52
98
99        <activity android:name="com.simcoder.uber.Driver.DriverChooseTypeActivity" />
99-->src\main\AndroidManifest.xml:43:9-86
99-->src\main\AndroidManifest.xml:43:19-83
100        <activity android:name="com.simcoder.uber.Payment.PaymentActivity" />
100-->src\main\AndroidManifest.xml:44:9-78
100-->src\main\AndroidManifest.xml:44:19-75
101        <activity android:name="com.simcoder.uber.Payment.PayoutActivity" />
101-->src\main\AndroidManifest.xml:45:9-77
101-->src\main\AndroidManifest.xml:45:19-74
102        <activity android:name="com.simcoder.uber.Payment.AddPaymentActivity" />
102-->src\main\AndroidManifest.xml:46:9-81
102-->src\main\AndroidManifest.xml:46:19-78
103        <activity android:name="com.simcoder.uber.Login.DetailsActivity" />
103-->src\main\AndroidManifest.xml:47:9-76
103-->src\main\AndroidManifest.xml:47:19-73
104
105        <uses-library
105-->src\main\AndroidManifest.xml:49:9-51:40
106            android:name="org.apache.http.legacy"
106-->src\main\AndroidManifest.xml:50:13-50
107            android:required="false" />
107-->src\main\AndroidManifest.xml:51:13-37
108        <uses-library android:name="com.google.android.maps" />
108-->src\main\AndroidManifest.xml:52:9-64
108-->src\main\AndroidManifest.xml:52:23-61
109
110        <activity
110-->src\main\AndroidManifest.xml:54:9-62:20
111            android:name="com.simcoder.uber.Login.LauncherActivity"
111-->src\main\AndroidManifest.xml:55:13-68
112            android:screenOrientation="portrait" >
112-->src\main\AndroidManifest.xml:56:13-49
113            <intent-filter>
113-->src\main\AndroidManifest.xml:57:13-61:29
114                <action android:name="android.intent.action.MAIN" />
114-->src\main\AndroidManifest.xml:58:17-69
114-->src\main\AndroidManifest.xml:58:25-66
115
116                <category android:name="android.intent.category.LAUNCHER" />
116-->src\main\AndroidManifest.xml:60:17-77
116-->src\main\AndroidManifest.xml:60:27-74
117            </intent-filter>
118        </activity>
119        <activity
119-->src\main\AndroidManifest.xml:63:9-65:52
120            android:name="com.simcoder.uber.Login.AuthenticationActivity"
120-->src\main\AndroidManifest.xml:64:13-74
121            android:screenOrientation="portrait" />
121-->src\main\AndroidManifest.xml:65:13-49
122        <activity
122-->src\main\AndroidManifest.xml:66:9-68:52
123            android:name="com.simcoder.uber.Customer.CustomerMapActivity"
123-->src\main\AndroidManifest.xml:67:13-74
124            android:screenOrientation="portrait" />
124-->src\main\AndroidManifest.xml:68:13-49
125        <activity
125-->src\main\AndroidManifest.xml:69:9-71:52
126            android:name="com.simcoder.uber.Customer.CustomerSettingsActivity"
126-->src\main\AndroidManifest.xml:70:13-79
127            android:screenOrientation="portrait" />
127-->src\main\AndroidManifest.xml:71:13-49
128        <activity
128-->src\main\AndroidManifest.xml:72:9-74:52
129            android:name="com.simcoder.uber.Driver.DriverSettingsActivity"
129-->src\main\AndroidManifest.xml:73:13-75
130            android:screenOrientation="portrait" />
130-->src\main\AndroidManifest.xml:74:13-49
131        <activity
131-->src\main\AndroidManifest.xml:75:9-77:52
132            android:name="com.simcoder.uber.History.HistoryActivity"
132-->src\main\AndroidManifest.xml:76:13-69
133            android:screenOrientation="portrait" />
133-->src\main\AndroidManifest.xml:77:13-49
134        <activity
134-->src\main\AndroidManifest.xml:78:9-80:52
135            android:name="com.simcoder.uber.History.HistorySingleActivity"
135-->src\main\AndroidManifest.xml:79:13-75
136            android:screenOrientation="portrait" />
136-->src\main\AndroidManifest.xml:80:13-49
137        <activity
137-->src\main\AndroidManifest.xml:81:9-84:59
138            android:name="com.simcoder.uber.Driver.DriverMapActivity"
138-->src\main\AndroidManifest.xml:82:13-70
139            android:screenOrientation="portrait"
139-->src\main\AndroidManifest.xml:83:13-49
140            android:theme="@style/AppTheme.NoActionBar" />
140-->src\main\AndroidManifest.xml:84:13-56
141
142        <service android:name="com.simcoder.uber.Utils.onAppKilled" />
142-->src\main\AndroidManifest.xml:86:9-71
142-->src\main\AndroidManifest.xml:86:18-68
143
144        <activity
144-->[com.stripe:stripe-android:16.1.1] AndroidManifest.xml:10:9-12:57
145            android:name="com.stripe.android.view.AddPaymentMethodActivity"
145-->[com.stripe:stripe-android:16.1.1] AndroidManifest.xml:11:13-76
146            android:theme="@style/StripeDefaultTheme" />
146-->[com.stripe:stripe-android:16.1.1] AndroidManifest.xml:12:13-54
147        <activity
147-->[com.stripe:stripe-android:16.1.1] AndroidManifest.xml:13:9-15:57
148            android:name="com.stripe.android.view.PaymentMethodsActivity"
148-->[com.stripe:stripe-android:16.1.1] AndroidManifest.xml:14:13-74
149            android:theme="@style/StripeDefaultTheme" />
149-->[com.stripe:stripe-android:16.1.1] AndroidManifest.xml:15:13-54
150        <activity
150-->[com.stripe:stripe-android:16.1.1] AndroidManifest.xml:16:9-18:57
151            android:name="com.stripe.android.view.PaymentFlowActivity"
151-->[com.stripe:stripe-android:16.1.1] AndroidManifest.xml:17:13-71
152            android:theme="@style/StripeDefaultTheme" />
152-->[com.stripe:stripe-android:16.1.1] AndroidManifest.xml:18:13-54
153        <activity
153-->[com.stripe:stripe-android:16.1.1] AndroidManifest.xml:19:9-22:58
154            android:name="com.stripe.android.view.PaymentAuthWebViewActivity"
154-->[com.stripe:stripe-android:16.1.1] AndroidManifest.xml:20:13-78
155            android:theme="@style/StripeDefaultTheme"
155-->[com.stripe:stripe-android:16.1.1] AndroidManifest.xml:21:13-54
156            android:windowSoftInputMode="adjustResize" />
156-->[com.stripe:stripe-android:16.1.1] AndroidManifest.xml:22:13-55
157        <activity
157-->[com.stripe:stripe-android:16.1.1] AndroidManifest.xml:23:9-25:57
158            android:name="com.stripe.android.view.PaymentRelayActivity"
158-->[com.stripe:stripe-android:16.1.1] AndroidManifest.xml:24:13-72
159            android:theme="@style/StripeDefaultTheme" />
159-->[com.stripe:stripe-android:16.1.1] AndroidManifest.xml:25:13-54
160        <activity
160-->[com.stripe:stripe-android:16.1.1] AndroidManifest.xml:26:9-28:57
161            android:name="com.stripe.android.view.Stripe3ds2CompletionActivity"
161-->[com.stripe:stripe-android:16.1.1] AndroidManifest.xml:27:13-80
162            android:theme="@style/StripeDefaultTheme" />
162-->[com.stripe:stripe-android:16.1.1] AndroidManifest.xml:28:13-54
163        <activity
163-->[com.stripe:stripe-android:16.1.1] AndroidManifest.xml:29:9-31:69
164            android:name="com.stripe.android.paymentsheet.PaymentSheetActivity"
164-->[com.stripe:stripe-android:16.1.1] AndroidManifest.xml:30:13-80
165            android:theme="@style/StripePaymentSheetDefaultTheme" />
165-->[com.stripe:stripe-android:16.1.1] AndroidManifest.xml:31:13-66
166        <activity
166-->[com.stripe:stripe-android:16.1.1] AndroidManifest.xml:32:9-34:69
167            android:name="com.stripe.android.paymentsheet.PaymentOptionsActivity"
167-->[com.stripe:stripe-android:16.1.1] AndroidManifest.xml:33:13-82
168            android:theme="@style/StripePaymentSheetDefaultTheme" />
168-->[com.stripe:stripe-android:16.1.1] AndroidManifest.xml:34:13-66
169        <activity
169-->[com.stripe:stripe-3ds2-android:4.1.2] AndroidManifest.xml:10:9-12:54
170            android:name="com.stripe.android.stripe3ds2.views.ChallengeActivity"
170-->[com.stripe:stripe-3ds2-android:4.1.2] AndroidManifest.xml:11:13-81
171            android:theme="@style/Stripe3DS2Theme" />
171-->[com.stripe:stripe-3ds2-android:4.1.2] AndroidManifest.xml:12:13-51
172        <activity
172-->[com.stripe:stripe-3ds2-android:4.1.2] AndroidManifest.xml:13:9-15:54
173            android:name="com.stripe.android.stripe3ds2.views.ChallengeProgressActivity"
173-->[com.stripe:stripe-3ds2-android:4.1.2] AndroidManifest.xml:14:13-89
174            android:theme="@style/Stripe3DS2Theme" />
174-->[com.stripe:stripe-3ds2-android:4.1.2] AndroidManifest.xml:15:13-51
175        <activity
175-->[com.github.rtchagas:pingplacepicker:1.1.2] AndroidManifest.xml:20:9-23:57
176            android:name="com.rtchagas.pingplacepicker.ui.PlacePickerActivity"
176-->[com.github.rtchagas:pingplacepicker:1.1.2] AndroidManifest.xml:21:13-79
177            android:launchMode="singleTop"
177-->[com.github.rtchagas:pingplacepicker:1.1.2] AndroidManifest.xml:22:13-43
178            android:theme="@style/PingTheme.NoStatus" />
178-->[com.github.rtchagas:pingplacepicker:1.1.2] AndroidManifest.xml:23:13-54
179
180        <meta-data
180-->[com.github.rtchagas:pingplacepicker:1.1.2] AndroidManifest.xml:29:9-31:69
181            android:name="com.google.android.gms.version"
181-->[com.github.rtchagas:pingplacepicker:1.1.2] AndroidManifest.xml:30:13-58
182            android:value="@integer/google_play_services_version" />
182-->[com.github.rtchagas:pingplacepicker:1.1.2] AndroidManifest.xml:31:13-66
183
184        <activity
184-->[com.karumi:dexter:5.0.0] AndroidManifest.xml:27:9-29:72
185            android:name="com.karumi.dexter.DexterActivity"
185-->[com.karumi:dexter:5.0.0] AndroidManifest.xml:28:13-60
186            android:theme="@style/Dexter.Internal.Theme.Transparent" />
186-->[com.karumi:dexter:5.0.0] AndroidManifest.xml:29:13-69
187        <activity
187-->[com.google.android.libraries.places:places:2.4.0] AndroidManifest.xml:14:9-20:20
188            android:name="com.google.android.libraries.places.widget.AutocompleteActivity"
188-->[com.google.android.libraries.places:places:2.4.0] AndroidManifest.xml:15:13-91
189            android:exported="false"
189-->[com.google.android.libraries.places:places:2.4.0] AndroidManifest.xml:16:13-37
190            android:label="@string/places_autocomplete_label"
190-->[com.google.android.libraries.places:places:2.4.0] AndroidManifest.xml:17:13-62
191            android:theme="@style/PlacesAutocompleteOverlay"
191-->[com.google.android.libraries.places:places:2.4.0] AndroidManifest.xml:18:13-61
192            android:windowSoftInputMode="adjustResize" >
192-->[com.google.android.libraries.places:places:2.4.0] AndroidManifest.xml:19:13-55
193        </activity>
194        <activity
194-->[com.facebook.android:facebook-common:8.1.0] AndroidManifest.xml:30:9-33:66
195            android:name="com.facebook.FacebookActivity"
195-->[com.facebook.android:facebook-common:8.1.0] AndroidManifest.xml:31:13-57
196            android:configChanges="keyboard|keyboardHidden|screenLayout|screenSize|orientation"
196-->[com.facebook.android:facebook-common:8.1.0] AndroidManifest.xml:32:13-96
197            android:theme="@style/com_facebook_activity_theme" />
197-->[com.facebook.android:facebook-common:8.1.0] AndroidManifest.xml:33:13-63
198        <activity android:name="com.facebook.CustomTabMainActivity" />
198-->[com.facebook.android:facebook-common:8.1.0] AndroidManifest.xml:34:9-71
198-->[com.facebook.android:facebook-common:8.1.0] AndroidManifest.xml:34:19-68
199        <activity
199-->[com.facebook.android:facebook-common:8.1.0] AndroidManifest.xml:35:9-49:20
200            android:name="com.facebook.CustomTabActivity"
200-->[com.facebook.android:facebook-common:8.1.0] AndroidManifest.xml:36:13-58
201            android:exported="true" >
201-->[com.facebook.android:facebook-common:8.1.0] AndroidManifest.xml:37:13-36
202            <intent-filter>
202-->[com.facebook.android:facebook-common:8.1.0] AndroidManifest.xml:39:13-48:29
203                <action android:name="android.intent.action.VIEW" />
203-->[com.facebook.android:facebook-common:8.1.0] AndroidManifest.xml:40:17-69
203-->[com.facebook.android:facebook-common:8.1.0] AndroidManifest.xml:40:25-66
204
205                <category android:name="android.intent.category.DEFAULT" />
205-->[com.facebook.android:facebook-common:8.1.0] AndroidManifest.xml:42:17-76
205-->[com.facebook.android:facebook-common:8.1.0] AndroidManifest.xml:42:27-73
206                <category android:name="android.intent.category.BROWSABLE" />
206-->[com.facebook.android:facebook-common:8.1.0] AndroidManifest.xml:43:17-78
206-->[com.facebook.android:facebook-common:8.1.0] AndroidManifest.xml:43:27-75
207
208                <data
208-->[com.facebook.android:facebook-common:8.1.0] AndroidManifest.xml:45:17-47:50
209                    android:host="cct.com.simcoder.uber"
209-->[com.facebook.android:facebook-common:8.1.0] AndroidManifest.xml:46:21-56
210                    android:scheme="fbconnect" />
210-->[com.facebook.android:facebook-common:8.1.0] AndroidManifest.xml:47:21-47
211            </intent-filter>
212        </activity>
213
214        <service
214-->[com.google.firebase:firebase-database:20.0.0] AndroidManifest.xml:29:9-35:19
215            android:name="com.google.firebase.components.ComponentDiscoveryService"
215-->[com.google.firebase:firebase-database:20.0.0] AndroidManifest.xml:30:13-84
216            android:directBootAware="true"
216-->[com.google.firebase:firebase-common:20.0.0] AndroidManifest.xml:35:13-43
217            android:exported="false" >
217-->[com.google.firebase:firebase-database:20.0.0] AndroidManifest.xml:31:13-37
218            <meta-data
218-->[com.google.firebase:firebase-database:20.0.0] AndroidManifest.xml:32:13-34:85
219                android:name="com.google.firebase.components:com.google.firebase.database.DatabaseRegistrar"
219-->[com.google.firebase:firebase-database:20.0.0] AndroidManifest.xml:33:17-109
220                android:value="com.google.firebase.components.ComponentRegistrar" />
220-->[com.google.firebase:firebase-database:20.0.0] AndroidManifest.xml:34:17-82
221            <meta-data
221-->[com.google.firebase:firebase-auth:21.0.1] AndroidManifest.xml:77:13-79:85
222                android:name="com.google.firebase.components:com.google.firebase.auth.FirebaseAuthRegistrar"
222-->[com.google.firebase:firebase-auth:21.0.1] AndroidManifest.xml:78:17-109
223                android:value="com.google.firebase.components.ComponentRegistrar" />
223-->[com.google.firebase:firebase-auth:21.0.1] AndroidManifest.xml:79:17-82
224            <meta-data
224-->[com.google.firebase:firebase-storage:20.0.0] AndroidManifest.xml:33:13-35:85
225                android:name="com.google.firebase.components:com.google.firebase.storage.StorageRegistrar"
225-->[com.google.firebase:firebase-storage:20.0.0] AndroidManifest.xml:34:17-107
226                android:value="com.google.firebase.components.ComponentRegistrar" />
226-->[com.google.firebase:firebase-storage:20.0.0] AndroidManifest.xml:35:17-82
227            <meta-data
227-->[com.google.firebase:firebase-iid:17.0.3] AndroidManifest.xml:32:13-34:85
228                android:name="com.google.firebase.components:com.google.firebase.iid.Registrar"
228-->[com.google.firebase:firebase-iid:17.0.3] AndroidManifest.xml:33:17-96
229                android:value="com.google.firebase.components.ComponentRegistrar" />
229-->[com.google.firebase:firebase-iid:17.0.3] AndroidManifest.xml:34:17-82
230        </service>
231
232        <activity
232-->[com.google.firebase:firebase-auth:21.0.1] AndroidManifest.xml:27:9-44:20
233            android:name="com.google.firebase.auth.internal.GenericIdpActivity"
233-->[com.google.firebase:firebase-auth:21.0.1] AndroidManifest.xml:28:13-80
234            android:excludeFromRecents="true"
234-->[com.google.firebase:firebase-auth:21.0.1] AndroidManifest.xml:29:13-46
235            android:exported="true"
235-->[com.google.firebase:firebase-auth:21.0.1] AndroidManifest.xml:30:13-36
236            android:launchMode="singleTask"
236-->[com.google.firebase:firebase-auth:21.0.1] AndroidManifest.xml:31:13-44
237            android:theme="@android:style/Theme.Translucent.NoTitleBar" >
237-->[com.google.firebase:firebase-auth:21.0.1] AndroidManifest.xml:32:13-72
238            <intent-filter>
238-->[com.google.firebase:firebase-auth:21.0.1] AndroidManifest.xml:33:13-43:29
239                <action android:name="android.intent.action.VIEW" />
239-->[com.facebook.android:facebook-common:8.1.0] AndroidManifest.xml:40:17-69
239-->[com.facebook.android:facebook-common:8.1.0] AndroidManifest.xml:40:25-66
240
241                <category android:name="android.intent.category.DEFAULT" />
241-->[com.facebook.android:facebook-common:8.1.0] AndroidManifest.xml:42:17-76
241-->[com.facebook.android:facebook-common:8.1.0] AndroidManifest.xml:42:27-73
242                <category android:name="android.intent.category.BROWSABLE" />
242-->[com.facebook.android:facebook-common:8.1.0] AndroidManifest.xml:43:17-78
242-->[com.facebook.android:facebook-common:8.1.0] AndroidManifest.xml:43:27-75
243
244                <data
244-->[com.facebook.android:facebook-common:8.1.0] AndroidManifest.xml:45:17-47:50
245                    android:host="firebase.auth"
245-->[com.facebook.android:facebook-common:8.1.0] AndroidManifest.xml:46:21-56
246                    android:path="/"
247                    android:scheme="genericidp" />
247-->[com.facebook.android:facebook-common:8.1.0] AndroidManifest.xml:47:21-47
248            </intent-filter>
249        </activity>
250        <activity
250-->[com.google.firebase:firebase-auth:21.0.1] AndroidManifest.xml:45:9-62:20
251            android:name="com.google.firebase.auth.internal.RecaptchaActivity"
251-->[com.google.firebase:firebase-auth:21.0.1] AndroidManifest.xml:46:13-79
252            android:excludeFromRecents="true"
252-->[com.google.firebase:firebase-auth:21.0.1] AndroidManifest.xml:47:13-46
253            android:exported="true"
253-->[com.google.firebase:firebase-auth:21.0.1] AndroidManifest.xml:48:13-36
254            android:launchMode="singleTask"
254-->[com.google.firebase:firebase-auth:21.0.1] AndroidManifest.xml:49:13-44
255            android:theme="@android:style/Theme.Translucent.NoTitleBar" >
255-->[com.google.firebase:firebase-auth:21.0.1] AndroidManifest.xml:50:13-72
256            <intent-filter>
256-->[com.google.firebase:firebase-auth:21.0.1] AndroidManifest.xml:51:13-61:29
257                <action android:name="android.intent.action.VIEW" />
257-->[com.facebook.android:facebook-common:8.1.0] AndroidManifest.xml:40:17-69
257-->[com.facebook.android:facebook-common:8.1.0] AndroidManifest.xml:40:25-66
258
259                <category android:name="android.intent.category.DEFAULT" />
259-->[com.facebook.android:facebook-common:8.1.0] AndroidManifest.xml:42:17-76
259-->[com.facebook.android:facebook-common:8.1.0] AndroidManifest.xml:42:27-73
260                <category android:name="android.intent.category.BROWSABLE" />
260-->[com.facebook.android:facebook-common:8.1.0] AndroidManifest.xml:43:17-78
260-->[com.facebook.android:facebook-common:8.1.0] AndroidManifest.xml:43:27-75
261